[2013-07-29T21:05:36-03:00] [7] [DEBUG] [Zage\DB: nova instância]

[2013-07-29T21:05:36-03:00] [3] [ERR] [parâmetros de banco de dados não informado]

[2013-07-29T21:08:38-03:00] [7] [DEBUG] [Zage\DB: nova instância]

[2013-07-30T00:08:42+00:00] [7] [DEBUG] [Zage\DB: nova instância]

[2013-07-30T00:08:43+00:00] [7] [DEBUG] [Zage\DB: nova instância]

[2013-07-30T00:15:43+00:00] [7] [DEBUG] [Zage\DB: nova instância]

[2013-07-30T00:22:50+00:00] [7] [DEBUG] [Zage\DB: nova instância]

[2013-07-30T00:22:50+00:00] [7] [DEBUG] [Zage\DB: nova instância]

[2013-07-30T00:32:22+00:00] [7] [DEBUG] [Zage\DB: nova instância]

[2013-07-30T00:40:16+00:00] [7] [DEBUG] [Zage\DB: nova instância]

[2013-07-30T00:40:17+00:00] [7] [DEBUG] [Zage\DB: nova instância]

[2013-07-30T00:40:17+00:00] [7] [DEBUG] [Zage\DB: nova instância]

[2013-07-29T21:40:37-03:00] [7] [DEBUG] [Zage\DB: nova instância]

[2013-07-29T21:40:37-03:00] [7] [DEBUG] [MegaCondominio: nova Instância]

[2013-07-30T00:45:39+00:00] [7] [DEBUG] [Zage\DB: nova instância]

[2013-07-29T21:45:53-03:00] [7] [DEBUG] [Zage\DB: nova instância]

[2013-07-29T21:45:53-03:00] [7] [DEBUG] [MegaCondominio: nova Instância]

[2013-07-29T21:46:18-03:00] [7] [DEBUG] [Zage\DB: nova instância]

[2013-07-29T21:46:18-03:00] [7] [DEBUG] [MegaCondominio: nova Instância]

[2013-07-30T00:49:06+00:00] [7] [DEBUG] [Zage\DB: nova instância]

[2013-07-29T21:49:18-03:00] [7] [DEBUG] [Zage\DB: nova instância]

[2013-07-29T21:49:18-03:00] [7] [DEBUG] [MegaCondominio: nova Instância]

[2013-07-29T21:49:36-03:00] [7] [DEBUG] [Zage\DB: nova instância]

[2013-07-29T21:49:36-03:00] [7] [DEBUG] [MegaCondominio: nova Instância]

[2013-07-29T21:50:43-03:00] [7] [DEBUG] [Zage\DB: nova instância]

[2013-07-29T21:50:43-03:00] [7] [DEBUG] [MegaCondominio: nova Instância]

[2013-07-29T21:50:56-03:00] [7] [DEBUG] [Zage\DB: nova instância]

[2013-07-29T21:50:56-03:00] [7] [DEBUG] [MegaCondominio: nova Instância]

[2013-07-30T21:45:42-03:00] [7] [DEBUG] [Zage\DB: nova instância]

[2013-07-30T21:45:42-03:00] [7] [DEBUG] [MegaCondominio: nova Instância]

[2013-07-31T01:02:26+00:00] [7] [DEBUG] [Zage\DB: nova instância]

[2013-07-31T01:03:23+00:00] [7] [DEBUG] [Zage\DB: nova instância]

[2013-07-31T01:03:23+00:00] [7] [DEBUG] [Zage\DB: nova instância]

[2013-07-31T01:03:24+00:00] [7] [DEBUG] [Zage\DB: nova instância]

[2013-07-31T01:03:50+00:00] [7] [DEBUG] [Zage\DB: nova instância]

[2013-07-31T01:03:51+00:00] [7] [DEBUG] [Zage\DB: nova instância]

[2013-07-31T01:03:51+00:00] [7] [DEBUG] [Zage\DB: nova instância]

[2013-07-30T22:44:04-03:00] [7] [DEBUG] [Zage\DB: nova instância]

[2013-07-30T22:44:04-03:00] [3] [ERR] [Access denied for user 'megaUser'@'localhost' to database 'megaCondominio']

[2013-07-30T22:46:25-03:00] [7] [DEBUG] [Zage\DB: nova instância]

[2013-07-30T22:46:25-03:00] [3] [ERR] [Access denied for user 'megaUser'@'localhost' to database 'megaCondominio']

[2013-07-30T22:48:42-03:00] [7] [DEBUG] [Zage\DB: nova instância]

[2013-07-30T22:48:42-03:00] [3] [ERR] [Access denied for user 'megaUser'@'localhost' to database 'megaCondominio']

[2013-07-30T22:49:04-03:00] [7] [DEBUG] [Zage\DB: nova instância]

[2013-07-30T22:49:04-03:00] [3] [ERR] [Access denied for user 'megaUser'@'localhost' to database 'megaCondominio']

[2013-07-30T22:52:20-03:00] [7] [DEBUG] [Zage\DB: nova instância]

[2013-07-30T22:52:20-03:00] [3] [ERR] [Access denied for user 'megaUser'@'localhost' to database 'megaCondominio']

[2013-07-30T22:54:41-03:00] [7] [DEBUG] [Zage\DB: nova instância]

[2013-07-30T22:54:41-03:00] [7] [DEBUG] [MegaCondominio: nova Instância]

